<?xml version="1.0" encoding="utf-8"?><testsuites name="pytest tests"><testsuite name="pytest" errors="0" failures="0" skipped="0" tests="3" time="2.026" timestamp="2026-08-15T04:40:21.431078+00:00" hostname="agent-env-940d0aee-ba0b-4464-83af-16c11f113b68"><testcase classname="tests.test_gallery_cta" name="test_public_settings_defaults" time="0.218" /><testcase classname="tests.test_gallery_cta" name="test_owner_update_and_reset" time="0.844" /><testcase classname="tests.test_gallery_cta" name="test_admin_non_owner_forbidden" time="0.513" /></testsuite></testsuites>