<?xml version="1.0" encoding="utf-8"?><testsuites name="pytest tests"><testsuite name="pytest" errors="0" failures="0" skipped="0" tests="5" time="2.190" timestamp="2026-08-14T06:21:23.828680+00:00" hostname="agent-env-940d0aee-ba0b-4464-83af-16c11f113b68"><testcase classname="tests.test_hero_caption" name="test_public_settings_has_hero_fields" time="0.530" /><testcase classname="tests.test_hero_caption" name="test_admin_non_owner_forbidden" time="0.451" /><testcase classname="tests.test_hero_caption" name="test_owner_can_update_hero_fields_and_persist" time="0.384" /><testcase classname="tests.test_hero_caption" name="test_regression_other_settings_preserved" time="0.441" /><testcase classname="tests.test_hero_caption" name="test_reset_to_defaults" time="0.339" /></testsuite></testsuites>