<?xml version="1.0" encoding="utf-8"?><testsuites name="pytest tests"><testsuite name="pytest" errors="0" failures="0" skipped="0" tests="4" time="1.993" timestamp="2026-08-15T04:46:34.181963+00:00" hostname="agent-env-940d0aee-ba0b-4464-83af-16c11f113b68"><testcase classname="tests.test_hero_headline_intro" name="test_public_settings_has_defaults" time="0.544" /><testcase classname="tests.test_hero_headline_intro" name="test_owner_can_put_settings_with_newlines" time="0.212" /><testcase classname="tests.test_hero_headline_intro" name="test_non_owner_admin_forbidden" time="0.429" /><testcase classname="tests.test_hero_headline_intro" name="test_reset_to_defaults_and_regression_fields" time="0.333" /></testsuite></testsuites>