<?xml version="1.0" encoding="utf-8"?><testsuites name="pytest tests"><testsuite name="pytest" errors="0" failures="0" skipped="1" tests="19" time="5.331" timestamp="2026-08-26T06:53:17.175151+00:00" hostname="agent-env-940d0aee-ba0b-4464-83af-16c11f113b68"><testcase classname="tests.test_iteration10_features.TestBookingWindow" name="test_window_today_to_plus_15" time="0.238" /><testcase classname="tests.test_iteration10_features.TestBookingWindow" name="test_availability_within_window_bookable" time="0.319" /><testcase classname="tests.test_iteration10_features.TestPartyDurationAndAllocation" name="test_2guest_stores_duration_120_and_allocates" time="1.121" /><testcase classname="tests.test_iteration10_features.TestBookingWindow" name="test_availability_beyond_window_not_bookable" time="0.125" /><testcase classname="tests.test_iteration10_features.TestUpcomingSlots" name="test_today_hides_past_slots" time="0.207" /><testcase classname="tests.test_iteration10_features.TestUpcomingSlots" name="test_future_day_full_slot_list" time="0.139" /><testcase classname="tests.test_iteration10_features.TestUpcomingSlots" name="test_monday_closed" time="0.137" /><testcase classname="tests.test_iteration10_features.TestPartyDurationAndAllocation" name="test_5guest_stores_duration_180" time="0.624" /><testcase classname="tests.test_iteration10_features.TestEvents" name="test_public_events_returns_list" time="0.140" /><testcase classname="tests.test_iteration10_features.TestEvents" name="test_admin_cannot_write_event" time="0.490" /><testcase classname="tests.test_iteration10_features.TestPartyDurationAndAllocation" name="test_6guest_confirms_and_stores_duration_210" time="0.650" /><testcase classname="tests.test_iteration10_features.TestEvents" name="test_owner_event_crud" time="0.901" /><testcase classname="tests.test_iteration10_features.TestPartyDurationAndAllocation" name="test_7guest_needs_approval" time="0.104"><skipped type="pytest.skip" message="no 7+ slot">/app/backend/tests/test_iteration10_features.py:183: no 7+ slot</skipped></testcase><testcase classname="tests.test_iteration10_features.TestPartyDurationAndAllocation" name="test_allocation_cascades_to_larger_tables" time="1.329" /><testcase classname="tests.test_iteration10_features.TestApprovalToggles" name="test_dietary_yes_needs_approval" time="0.751" /><testcase classname="tests.test_iteration10_features.TestApprovalToggles" name="test_special_occasion_with_service_needs_approval" time="0.704" /><testcase classname="tests.test_iteration10_features.TestMenuUpload" name="test_admin_forbidden" time="0.429" /><testcase classname="tests.test_iteration10_features.TestNamedTables" name="test_public_tables_named_seven" time="0.094" /><testcase classname="tests.test_iteration10_features.TestMenuUpload" name="test_owner_upload_replaces_menu_and_public_reflects" time="0.748" /></testsuite></testsuites>