<?xml version="1.0" encoding="utf-8"?><testsuites name="pytest tests"><testsuite name="pytest" errors="0" failures="0" skipped="0" tests="9" time="3.638" timestamp="2026-09-14T16:22:56.776358+00:00" hostname="agent-env-940d0aee-ba0b-4464-83af-16c11f113b68"><testcase classname="tests.test_iteration13_phone_login.TestPublicEndpoints" name="test_public_settings_shape" time="0.368" /><testcase classname="tests.test_iteration13_phone_login.TestPhoneOrEmailLogin" name="test_login_with_email" time="0.670" /><testcase classname="tests.test_iteration13_phone_login.TestPublicEndpoints" name="test_public_tables_shape" time="0.251" /><testcase classname="tests.test_iteration13_phone_login.TestPublicEndpoints" name="test_events_list" time="0.161" /><testcase classname="tests.test_iteration13_phone_login.TestPhoneOrEmailLogin" name="test_login_with_phone_last10" time="0.377" /><testcase classname="tests.test_iteration13_phone_login.TestPastEventFlow" name="test_past_event_create_and_delete" time="1.109" /><testcase classname="tests.test_iteration13_phone_login.TestPhoneOrEmailLogin" name="test_login_with_phone_country_code_and_spaces" time="0.451" /><testcase classname="tests.test_iteration13_phone_login.TestPhoneOrEmailLogin" name="test_login_wrong_password" time="0.392" /><testcase classname="tests.test_iteration13_phone_login.TestPhoneOrEmailLogin" name="test_register_then_phone_login_then_cleanup" time="1.432" /></testsuite></testsuites>