<?xml version="1.0" encoding="utf-8"?><testsuites name="pytest tests"><testsuite name="pytest" errors="0" failures="0" skipped="0" tests="5" time="7.044" timestamp="2026-09-03T09:08:38.091628+00:00" hostname="agent-env-940d0aee-ba0b-4464-83af-16c11f113b68"><testcase classname="tests.test_razorpay_iteration12" name="test_real_razorpay_order_created" time="1.694" /><testcase classname="tests.test_razorpay_iteration12" name="test_invalid_signature_rejected" time="0.946" /><testcase classname="tests.test_razorpay_iteration12" name="test_valid_signature_confirms" time="0.788" /><testcase classname="tests.test_razorpay_iteration12" name="test_customer_cancel_hits_real_razorpay_refund" time="1.697" /><testcase classname="tests.test_razorpay_iteration12" name="test_admin_reject_hits_real_razorpay_refund" time="1.591" /></testsuite></testsuites>