<?xml version="1.0" encoding="utf-8"?><testsuites name="pytest tests"><testsuite name="pytest" errors="0" failures="0" skipped="0" tests="6" time="2.434" timestamp="2026-08-27T08:44:03.393878+00:00" hostname="agent-env-940d0aee-ba0b-4464-83af-16c11f113b68"><testcase classname="tests.test_cms_contact_hours_policies.TestPublicHasCmsFields" name="test_public_settings_returns_new_fields" time="0.260" /><testcase classname="tests.test_cms_contact_hours_policies.TestOwnerCmsPersistence" name="test_owner_updates_contact_and_persists" time="1.106" /><testcase classname="tests.test_cms_contact_hours_policies.TestAdminCannotWriteCms" name="test_admin_forbidden" time="0.652" /><testcase classname="tests.test_cms_contact_hours_policies.TestOwnerCmsPersistence" name="test_owner_updates_hours" time="0.411" /><testcase classname="tests.test_cms_contact_hours_policies.TestOwnerCmsPersistence" name="test_owner_updates_policies" time="0.488" /><testcase classname="tests.test_cms_contact_hours_policies.TestOwnerCmsPersistence" name="test_restore_defaults_sanity" time="0.114" /></testsuite></testsuites>