<?xml version="1.0" encoding="utf-8"?><testsuites name="pytest tests"><testsuite name="pytest" errors="0" failures="1" skipped="0" tests="48" time="9.121" timestamp="2026-08-23T10:54:39.956113+00:00" hostname="agent-env-940d0aee-ba0b-4464-83af-16c11f113b68"><testcase classname="tests.backend_test.TestOwner" name="test_admin_cannot_change_settings" time="0.686" /><testcase classname="tests.backend_test.TestAdmin" name="test_admin_today" time="1.010" /><testcase classname="tests.backend_test.TestOwner" name="test_owner_settings_update" time="0.420" /><testcase classname="tests.backend_test.TestAdmin" name="test_admin_reservations" time="0.098" /><testcase classname="tests.backend_test.TestOwner" name="test_owner_create_and_delete_table" time="0.402" /><testcase classname="tests.backend_test.TestAdmin" name="test_admin_waitlist" time="0.106" /><testcase classname="tests.backend_test.TestAdmin" name="test_tables_list" time="0.100" /><testcase classname="tests.backend_test.TestAdmin" name="test_table_status" time="0.612" /><testcase classname="tests.backend_test.TestOwner" name="test_owner_users" time="0.100" /><testcase classname="tests.backend_test.TestOwner" name="test_owner_create_staff_and_change_role" time="0.815" /><testcase classname="tests.backend_test.TestAdmin" name="test_customer_cannot_access_admin" time="0.416" /><testcase classname="tests.backend_test.TestAdmin" name="test_block_flow" time="0.528" /><testcase classname="tests.backend_test.TestOwner" name="test_analytics" time="0.123" /><testcase classname="tests.backend_test.TestAuth" name="test_login_invalid" time="0.322" /><testcase classname="tests.backend_test.TestAuth" name="test_login_owner" time="0.100" /><testcase classname="tests.backend_test.TestReservations" name="test_policies_required" time="0.526" /><testcase classname="tests.backend_test.TestAuth" name="test_login_admin" time="0.098" /><testcase classname="tests.backend_test.TestAuth" name="test_login_guest" time="0.425" /><testcase classname="tests.backend_test.TestReservations" name="test_normal_booking_confirmed_after_pay" time="0.752" /><testcase classname="tests.backend_test.TestAuth" name="test_register_and_login" time="0.505" /><testcase classname="tests.backend_test.TestMenu" name="test_public_menu" time="0.096"><failure message="AssertionError: assert 4 &gt;= 6&#10; +  where 4 = len([{'name': 'Komorebi Pour-Over', 'description': 'Single-origin beans, brewed slow over filtered light.', 'price': 320, 'category': 'Coffee', ...}, {'name': 'Matcha Cloud Latte', 'description': 'Ceremonial matcha, oat milk, a whisper of cane sugar.', 'price': 340, 'category': 'Coffee', ...}, {'name': 'Yuzu Cheesecake', 'description': 'Baked cheesecake with bright yuzu and a sesame crust.', 'price': 380, 'category': 'Dessert', ...}, {'name': 'Maple Miso Toast', 'description': 'Sourdough, miso butter, maple, toasted walnuts.', 'price': 290, 'category': 'Small Plates', ...}])">backend/tests/backend_test.py:392: in test_public_menu
    assert len(d["items"]) &gt;= 6  # 6 seeded
    ^^^^^^^^^^^^^^^^^^^^^^^^^^^
E   AssertionError: assert 4 &gt;= 6
E    +  where 4 = len([{'name': 'Komorebi Pour-Over', 'description': 'Single-origin beans, brewed slow over filtered light.', 'price': 320, 'category': 'Coffee', ...}, {'name': 'Matcha Cloud Latte', 'description': 'Ceremonial matcha, oat milk, a whisper of cane sugar.', 'price': 340, 'category': 'Coffee', ...}, {'name': 'Yuzu Cheesecake', 'description': 'Baked cheesecake with bright yuzu and a sesame crust.', 'price': 380, 'category': 'Dessert', ...}, {'name': 'Maple Miso Toast', 'description': 'Sourdough, miso butter, maple, toasted walnuts.', 'price': 290, 'category': 'Small Plates', ...}])</failure></testcase><testcase classname="tests.backend_test.TestMenu" name="test_admin_menu_list" time="0.123" /><testcase classname="tests.backend_test.TestReservations" name="test_special_occasion_needs_approval" time="0.933" /><testcase classname="tests.backend_test.TestMenu" name="test_customer_forbidden_admin_menu" time="0.103" /><testcase classname="tests.backend_test.TestMenu" name="test_admin_cannot_write_menu" time="0.135" /><testcase classname="tests.backend_test.TestMenu" name="test_owner_menu_crud" time="0.733" /><testcase classname="tests.backend_test.TestReservations" name="test_group_over_threshold_needs_approval" time="0.800" /><testcase classname="tests.test_hero_caption" name="test_public_settings_has_hero_fields" time="0.228" /><testcase classname="tests.test_hero_caption" name="test_admin_non_owner_forbidden" time="0.229" /><testcase classname="tests.test_hero_caption" name="test_owner_can_update_hero_fields_and_persist" time="0.009" /><testcase classname="tests.test_hero_caption" name="test_regression_other_settings_preserved" time="0.010" /><testcase classname="tests.test_hero_caption" name="test_reset_to_defaults" time="0.009" /><testcase classname="tests.backend_test.TestGoogleAuth" name="test_google_session_invalid" time="0.178" /><testcase classname="tests.backend_test.TestGoogleAuth" name="test_google_session_empty_body" time="0.102" /><testcase classname="tests.backend_test.TestReservations" name="test_my_reservations" time="0.101" /><testcase classname="tests.backend_test.TestGoogleAuth" name="test_google_session_empty_string" time="0.145" /><testcase classname="tests.backend_test.TestPublic" name="test_public_settings" time="0.145" /><testcase classname="tests.backend_test.TestGenericUpload" name="test_admin_forbidden_on_upload" time="0.166" /><testcase classname="tests.backend_test.TestPublic" name="test_booking_window" time="0.092" /><testcase classname="tests.backend_test.TestPublic" name="test_availability_monday_closed" time="0.097" /><testcase classname="tests.backend_test.TestGenericUpload" name="test_owner_upload_and_fetch" time="1.066" /><testcase classname="tests.backend_test.TestPublic" name="test_availability_open_day" time="1.056" /><testcase classname="tests.backend_test.TestGenericUpload" name="test_table_without_image" time="0.189" /><testcase classname="tests.backend_test.TestAvatarInAuth" name="test_me_has_picture_field" time="0.095" /><testcase classname="tests.backend_test.TestAvatarInAuth" name="test_login_response_has_picture" time="0.355" /><testcase classname="tests.backend_test.TestWaitlist" name="test_join_waitlist" time="0.734" /><testcase classname="tests.backend_test.TestMenuToggle" name="test_toggle_menu_enabled" time="0.857" /><testcase classname="tests.backend_test.TestPublicTables" name="test_public_tables_no_auth" time="0.130" /></testsuite></testsuites>