<?xml version="1.0" encoding="utf-8"?><testsuites name="pytest tests"><testsuite name="pytest" errors="0" failures="2" skipped="1" tests="43" time="77.299" timestamp="2026-08-26T06:53:26.949954+00:00" hostname="agent-env-940d0aee-ba0b-4464-83af-16c11f113b68"><testcase classname="tests.backend_test.TestAdmin" name="test_admin_today" time="0.576" /><testcase classname="tests.backend_test.TestOwner" name="test_admin_cannot_change_settings" time="0.683" /><testcase classname="tests.backend_test.TestAdmin" name="test_admin_reservations" time="0.108" /><testcase classname="tests.backend_test.TestAdmin" name="test_admin_waitlist" time="0.322" /><testcase classname="tests.backend_test.TestOwner" name="test_owner_settings_update" time="0.417" /><testcase classname="tests.backend_test.TestAdmin" name="test_tables_list" time="0.149"><failure message="AssertionError: assert 7 &gt;= 8&#10; +  where 7 = len([{'name': 'Fruity', 'capacity': 6, 'duration_minutes': 210, 'zone': 'outdoor', ...}, {'name': 'Malty', 'capacity': 6, 'duration_minutes': 210, 'zone': 'outdoor', ...}, {'name': 'Salty', 'capacity': 4, 'duration_minutes': 120, 'zone': 'indoor', ...}, {'name': 'Smoky', 'capacity': 5, 'duration_minutes': 180, 'zone': 'outdoor', ...}, {'name': 'Spicy', 'capacity': 2, 'duration_minutes': 120, 'zone': 'indoor', ...}, {'name': 'Tangy', 'capacity': 4, 'duration_minutes': 120, 'zone': 'indoor', ...}, ...])&#10; +    where [{'name': 'Fruity', 'capacity': 6, 'duration_minutes': 210, 'zone': 'outdoor', ...}, {'name': 'Malty', 'capacity': 6, 'duration_minutes': 210, 'zone': 'outdoor', ...}, {'name': 'Salty', 'capacity': 4, 'duration_minutes': 120, 'zone': 'indoor', ...}, {'name': 'Smoky', 'capacity': 5, 'duration_minutes': 180, 'zone': 'outdoor', ...}, {'name': 'Spicy', 'capacity': 2, 'duration_minutes': 120, 'zone': 'indoor', ...}, {'name': 'Tangy', 'capacity': 4, 'duration_minutes': 120, 'zone': 'indoor', ...}, ...] = json()&#10; +      where json = &lt;Response [200]&gt;.json">backend/tests/backend_test.py:271: in test_tables_list
    assert len(r.json()) &gt;= 8
E   AssertionError: assert 7 &gt;= 8
E    +  where 7 = len([{'name': 'Fruity', 'capacity': 6, 'duration_minutes': 210, 'zone': 'outdoor', ...}, {'name': 'Malty', 'capacity': 6, 'duration_minutes': 210, 'zone': 'outdoor', ...}, {'name': 'Salty', 'capacity': 4, 'duration_minutes': 120, 'zone': 'indoor', ...}, {'name': 'Smoky', 'capacity': 5, 'duration_minutes': 180, 'zone': 'outdoor', ...}, {'name': 'Spicy', 'capacity': 2, 'duration_minutes': 120, 'zone': 'indoor', ...}, {'name': 'Tangy', 'capacity': 4, 'duration_minutes': 120, 'zone': 'indoor', ...}, ...])
E    +    where [{'name': 'Fruity', 'capacity': 6, 'duration_minutes': 210, 'zone': 'outdoor', ...}, {'name': 'Malty', 'capacity': 6, 'duration_minutes': 210, 'zone': 'outdoor', ...}, {'name': 'Salty', 'capacity': 4, 'duration_minutes': 120, 'zone': 'indoor', ...}, {'name': 'Smoky', 'capacity': 5, 'duration_minutes': 180, 'zone': 'outdoor', ...}, {'name': 'Spicy', 'capacity': 2, 'duration_minutes': 120, 'zone': 'indoor', ...}, {'name': 'Tangy', 'capacity': 4, 'duration_minutes': 120, 'zone': 'indoor', ...}, ...] = json()
E    +      where json = &lt;Response [200]&gt;.json</failure></testcase><testcase classname="tests.backend_test.TestOwner" name="test_owner_create_and_delete_table" time="0.429" /><testcase classname="tests.backend_test.TestAdmin" name="test_table_status" time="0.328" /><testcase classname="tests.backend_test.TestOwner" name="test_owner_users" time="0.299" /><testcase classname="tests.backend_test.TestAdmin" name="test_customer_cannot_access_admin" time="0.420" /><testcase classname="tests.backend_test.TestOwner" name="test_owner_create_staff_and_change_role" time="0.599" /><testcase classname="tests.backend_test.TestAdmin" name="test_block_flow" time="0.444" /><testcase classname="tests.backend_test.TestAuth" name="test_login_invalid" time="0.339" /><testcase classname="tests.backend_test.TestOwner" name="test_analytics" time="0.280" /><testcase classname="tests.backend_test.TestReservations" name="test_policies_required" time="0.754" /><testcase classname="tests.backend_test.TestAuth" name="test_login_owner" time="0.700" /><testcase classname="tests.backend_test.TestAuth" name="test_login_admin" time="0.118" /><testcase classname="tests.backend_test.TestReservations" name="test_normal_booking_confirmed_after_pay" time="0.704" /><testcase classname="tests.backend_test.TestAuth" name="test_login_guest" time="0.104" /><testcase classname="tests.backend_test.TestAuth" name="test_register_and_login" time="0.466" /><testcase classname="tests.backend_test.TestMenu" name="test_public_menu" time="0.148" /><testcase classname="tests.backend_test.TestReservations" name="test_special_occasion_needs_approval" time="0.951" /><testcase classname="tests.backend_test.TestMenu" name="test_admin_menu_list" time="0.106" /><testcase classname="tests.backend_test.TestMenu" name="test_customer_forbidden_admin_menu" time="0.098" /><testcase classname="tests.backend_test.TestMenu" name="test_admin_cannot_write_menu" time="0.117" /><testcase classname="tests.backend_test.TestMenu" name="test_owner_menu_crud" time="0.706" /><testcase classname="tests.backend_test.TestReservations" name="test_group_over_threshold_needs_approval" time="70.468"><skipped type="pytest.skip" message="No 8-seater slot available">/app/backend/tests/backend_test.py:228: No 8-seater slot available</skipped></testcase><testcase classname="tests.backend_test.TestPublic" name="test_public_settings" time="0.134" /><testcase classname="tests.backend_test.TestPublic" name="test_booking_window" time="0.104" /><testcase classname="tests.backend_test.TestPublic" name="test_availability_monday_closed" time="0.141" /><testcase classname="tests.backend_test.TestPublic" name="test_availability_open_day" time="0.288" /><testcase classname="tests.backend_test.TestGenericUpload" name="test_admin_forbidden_on_upload" time="0.137" /><testcase classname="tests.backend_test.TestGenericUpload" name="test_owner_upload_and_fetch" time="69.104" /><testcase classname="tests.backend_test.TestGenericUpload" name="test_table_without_image" time="0.193" /><testcase classname="tests.backend_test.TestAvatarInAuth" name="test_me_has_picture_field" time="0.145" /><testcase classname="tests.backend_test.TestAvatarInAuth" name="test_login_response_has_picture" time="0.360" /><testcase classname="tests.backend_test.TestReservations" name="test_my_reservations" time="0.267" /><testcase classname="tests.backend_test.TestGoogleAuth" name="test_google_session_invalid" time="0.200" /><testcase classname="tests.backend_test.TestWaitlist" name="test_join_waitlist" time="0.419" /><testcase classname="tests.backend_test.TestGoogleAuth" name="test_google_session_empty_body" time="0.099" /><testcase classname="tests.backend_test.TestGoogleAuth" name="test_google_session_empty_string" time="0.152" /><testcase classname="tests.backend_test.TestPublicTables" name="test_public_tables_no_auth" time="0.096"><failure message="AssertionError: assert (True and 7 &gt;= 8)&#10; +  where True = isinstance([{'id': '6a8e8b21bb58ecf2363a9d6f', 'name': 'Spicy', 'zone': 'indoor', 'capacity': 2, ...}, {'id': '6a8e8b21bb58ecf2363a9d70', 'name': 'Umami', 'zone': 'indoor', 'capacity': 2, ...}, {'id': '6a8e8b21bb58ecf2363a9d71', 'name': 'Salty', 'zone': 'indoor', 'capacity': 4, ...}, {'id': '6a8e8b21bb58ecf2363a9d72', 'name': 'Tangy', 'zone': 'indoor', 'capacity': 4, ...}, {'id': '6a8e8b21bb58ecf2363a9d75', 'name': 'Smoky', 'zone': 'outdoor', 'capacity': 5, ...}, {'id': '6a8e8b21bb58ecf2363a9d73', 'name': 'Fruity', 'zone': 'outdoor', 'capacity': 6, ...}, ...], list)&#10; +  and   7 = len([{'id': '6a8e8b21bb58ecf2363a9d6f', 'name': 'Spicy', 'zone': 'indoor', 'capacity': 2, ...}, {'id': '6a8e8b21bb58ecf2363a9d70', 'name': 'Umami', 'zone': 'indoor', 'capacity': 2, ...}, {'id': '6a8e8b21bb58ecf2363a9d71', 'name': 'Salty', 'zone': 'indoor', 'capacity': 4, ...}, {'id': '6a8e8b21bb58ecf2363a9d72', 'name': 'Tangy', 'zone': 'indoor', 'capacity': 4, ...}, {'id': '6a8e8b21bb58ecf2363a9d75', 'name': 'Smoky', 'zone': 'outdoor', 'capacity': 5, ...}, {'id': '6a8e8b21bb58ecf2363a9d73', 'name': 'Fruity', 'zone': 'outdoor', 'capacity': 6, ...}, ...])">backend/tests/backend_test.py:379: in test_public_tables_no_auth
    assert isinstance(rows, list) and len(rows) &gt;= 8
E   AssertionError: assert (True and 7 &gt;= 8)
E    +  where True = isinstance([{'id': '6a8e8b21bb58ecf2363a9d6f', 'name': 'Spicy', 'zone': 'indoor', 'capacity': 2, ...}, {'id': '6a8e8b21bb58ecf2363a9d70', 'name': 'Umami', 'zone': 'indoor', 'capacity': 2, ...}, {'id': '6a8e8b21bb58ecf2363a9d71', 'name': 'Salty', 'zone': 'indoor', 'capacity': 4, ...}, {'id': '6a8e8b21bb58ecf2363a9d72', 'name': 'Tangy', 'zone': 'indoor', 'capacity': 4, ...}, {'id': '6a8e8b21bb58ecf2363a9d75', 'name': 'Smoky', 'zone': 'outdoor', 'capacity': 5, ...}, {'id': '6a8e8b21bb58ecf2363a9d73', 'name': 'Fruity', 'zone': 'outdoor', 'capacity': 6, ...}, ...], list)
E    +  and   7 = len([{'id': '6a8e8b21bb58ecf2363a9d6f', 'name': 'Spicy', 'zone': 'indoor', 'capacity': 2, ...}, {'id': '6a8e8b21bb58ecf2363a9d70', 'name': 'Umami', 'zone': 'indoor', 'capacity': 2, ...}, {'id': '6a8e8b21bb58ecf2363a9d71', 'name': 'Salty', 'zone': 'indoor', 'capacity': 4, ...}, {'id': '6a8e8b21bb58ecf2363a9d72', 'name': 'Tangy', 'zone': 'indoor', 'capacity': 4, ...}, {'id': '6a8e8b21bb58ecf2363a9d75', 'name': 'Smoky', 'zone': 'outdoor', 'capacity': 5, ...}, {'id': '6a8e8b21bb58ecf2363a9d73', 'name': 'Fruity', 'zone': 'outdoor', 'capacity': 6, ...}, ...])</failure></testcase><testcase classname="tests.backend_test.TestMenuToggle" name="test_toggle_menu_enabled" time="0.500" /></testsuite></testsuites>