<?xml version="1.0" encoding="utf-8"?><testsuites name="pytest tests"><testsuite name="pytest" errors="0" failures="0" skipped="0" tests="31" time="7.178" timestamp="2026-08-13T09:45:10.337911+00:00" hostname="agent-env-940d0aee-ba0b-4464-83af-16c11f113b68"><testcase classname="tests.backend_test.TestAdmin" name="test_admin_today" time="0.688" /><testcase classname="tests.backend_test.TestAdmin" name="test_admin_reservations" time="0.143" /><testcase classname="tests.backend_test.TestOwner" name="test_admin_cannot_change_settings" time="0.834" /><testcase classname="tests.backend_test.TestAdmin" name="test_admin_waitlist" time="0.094" /><testcase classname="tests.backend_test.TestAdmin" name="test_tables_list" time="0.240" /><testcase classname="tests.backend_test.TestOwner" name="test_owner_settings_update" time="0.516" /><testcase classname="tests.backend_test.TestAdmin" name="test_table_status" time="0.340" /><testcase classname="tests.backend_test.TestOwner" name="test_owner_create_and_delete_table" time="0.486" /><testcase classname="tests.backend_test.TestOwner" name="test_owner_users" time="0.128" /><testcase classname="tests.backend_test.TestAdmin" name="test_customer_cannot_access_admin" time="0.493" /><testcase classname="tests.backend_test.TestOwner" name="test_owner_create_staff_and_change_role" time="0.587" /><testcase classname="tests.backend_test.TestAdmin" name="test_block_flow" time="0.480" /><testcase classname="tests.backend_test.TestAuth" name="test_login_invalid" time="0.997" /><testcase classname="tests.backend_test.TestOwner" name="test_analytics" time="0.941" /><testcase classname="tests.backend_test.TestAuth" name="test_login_owner" time="0.593" /><testcase classname="tests.backend_test.TestReservations" name="test_policies_required" time="0.891" /><testcase classname="tests.backend_test.TestAuth" name="test_login_admin" time="0.116" /><testcase classname="tests.backend_test.TestAuth" name="test_login_guest" time="0.123" /><testcase classname="tests.backend_test.TestAuth" name="test_register_and_login" time="0.482" /><testcase classname="tests.backend_test.TestReservations" name="test_normal_booking_confirmed_after_pay" time="0.788" /><testcase classname="tests.backend_test.TestPublic" name="test_public_settings" time="0.158" /><testcase classname="tests.backend_test.TestPublic" name="test_booking_window" time="0.117" /><testcase classname="tests.backend_test.TestPublic" name="test_availability_monday_closed" time="0.197" /><testcase classname="tests.backend_test.TestReservations" name="test_special_occasion_needs_approval" time="1.033" /><testcase classname="tests.backend_test.TestPublic" name="test_availability_open_day" time="0.255" /><testcase classname="tests.backend_test.TestGoogleAuth" name="test_google_session_invalid" time="0.203" /><testcase classname="tests.backend_test.TestGoogleAuth" name="test_google_session_empty_body" time="0.096" /><testcase classname="tests.backend_test.TestGoogleAuth" name="test_google_session_empty_string" time="0.303" /><testcase classname="tests.backend_test.TestWaitlist" name="test_join_waitlist" time="0.342" /><testcase classname="tests.backend_test.TestReservations" name="test_group_over_threshold_needs_approval" time="0.329" /><testcase classname="tests.backend_test.TestReservations" name="test_my_reservations" time="0.098" /></testsuite></testsuites>