<?xml version="1.0" encoding="utf-8"?><testsuites name="pytest tests"><testsuite name="pytest" errors="0" failures="0" skipped="0" tests="43" time="8.952" timestamp="2026-08-13T10:17:15.081602+00:00" hostname="agent-env-940d0aee-ba0b-4464-83af-16c11f113b68"><testcase classname="tests.backend_test.TestAdmin" name="test_admin_today" time="0.650" /><testcase classname="tests.backend_test.TestOwner" name="test_admin_cannot_change_settings" time="0.758" /><testcase classname="tests.backend_test.TestAdmin" name="test_admin_reservations" time="0.123" /><testcase classname="tests.backend_test.TestAdmin" name="test_admin_waitlist" time="0.309" /><testcase classname="tests.backend_test.TestOwner" name="test_owner_settings_update" time="0.438" /><testcase classname="tests.backend_test.TestAdmin" name="test_tables_list" time="0.112" /><testcase classname="tests.backend_test.TestAdmin" name="test_table_status" time="0.414" /><testcase classname="tests.backend_test.TestOwner" name="test_owner_create_and_delete_table" time="0.351" /><testcase classname="tests.backend_test.TestOwner" name="test_owner_users" time="0.150" /><testcase classname="tests.backend_test.TestOwner" name="test_owner_create_staff_and_change_role" time="0.755" /><testcase classname="tests.backend_test.TestAdmin" name="test_customer_cannot_access_admin" time="0.598" /><testcase classname="tests.backend_test.TestAdmin" name="test_block_flow" time="0.340" /><testcase classname="tests.backend_test.TestOwner" name="test_analytics" time="0.106" /><testcase classname="tests.backend_test.TestAuth" name="test_login_invalid" time="0.320" /><testcase classname="tests.backend_test.TestReservations" name="test_policies_required" time="1.086" /><testcase classname="tests.backend_test.TestAuth" name="test_login_owner" time="0.616" /><testcase classname="tests.backend_test.TestAuth" name="test_login_admin" time="0.106" /><testcase classname="tests.backend_test.TestAuth" name="test_login_guest" time="0.109" /><testcase classname="tests.backend_test.TestReservations" name="test_normal_booking_confirmed_after_pay" time="0.799" /><testcase classname="tests.backend_test.TestAuth" name="test_register_and_login" time="0.430" /><testcase classname="tests.backend_test.TestMenu" name="test_public_menu" time="0.127" /><testcase classname="tests.backend_test.TestMenu" name="test_admin_menu_list" time="0.097" /><testcase classname="tests.backend_test.TestMenu" name="test_customer_forbidden_admin_menu" time="0.110" /><testcase classname="tests.backend_test.TestReservations" name="test_special_occasion_needs_approval" time="0.944" /><testcase classname="tests.backend_test.TestMenu" name="test_admin_cannot_write_menu" time="0.154" /><testcase classname="tests.backend_test.TestMenu" name="test_owner_menu_crud" time="0.814" /><testcase classname="tests.backend_test.TestReservations" name="test_group_over_threshold_needs_approval" time="0.316" /><testcase classname="tests.backend_test.TestPublic" name="test_public_settings" time="0.113" /><testcase classname="tests.backend_test.TestPublic" name="test_booking_window" time="0.092" /><testcase classname="tests.backend_test.TestPublic" name="test_availability_monday_closed" time="0.149" /><testcase classname="tests.backend_test.TestReservations" name="test_my_reservations" time="0.095" /><testcase classname="tests.backend_test.TestPublic" name="test_availability_open_day" time="0.264" /><testcase classname="tests.backend_test.TestGoogleAuth" name="test_google_session_invalid" time="0.257" /><testcase classname="tests.backend_test.TestGenericUpload" name="test_admin_forbidden_on_upload" time="0.111" /><testcase classname="tests.backend_test.TestGoogleAuth" name="test_google_session_empty_body" time="0.098" /><testcase classname="tests.backend_test.TestGoogleAuth" name="test_google_session_empty_string" time="0.174" /><testcase classname="tests.backend_test.TestGenericUpload" name="test_owner_upload_and_fetch" time="1.695" /><testcase classname="tests.backend_test.TestAvatarInAuth" name="test_me_has_picture_field" time="1.040" /><testcase classname="tests.backend_test.TestAvatarInAuth" name="test_login_response_has_picture" time="0.337" /><testcase classname="tests.backend_test.TestPublicTables" name="test_public_tables_no_auth" time="0.154" /><testcase classname="tests.backend_test.TestGenericUpload" name="test_table_without_image" time="0.210" /><testcase classname="tests.backend_test.TestMenuToggle" name="test_toggle_menu_enabled" time="0.528" /><testcase classname="tests.backend_test.TestWaitlist" name="test_join_waitlist" time="0.344" /></testsuite></testsuites>